<?xml version="1.0" encoding="UTF-8"?>
<testsuite xmlns:xsi="http://www.w3.org/2001/XMLSchema-instance" xsi:noNamespaceSchemaLocation="https://maven.apache.org/surefire/maven-surefire-plugin/xsd/surefire-test-report-3.0.xsd" version="3.0" name="TestSuite" time="62.813" tests="4" errors="0" skipped="2" failures="2">
  <properties>
[...]
</properties>
  <testcase name="InitialiSetup" classname="com.flipkartMainFramework.FlipKartTestCases" time="57.38">
    <failure message="Could not start a new session. Possible causes are invalid address of the remote server or browser start-up failure.&#10;Build info: version: &apos;3.141.59&apos;, revision: &apos;e82be7d358&apos;, time: &apos;2018-11-14T08:17:03&apos;&#10;System info: host: &apos;DESKTOP-HR87NGL&apos;, ip: &apos;192.168.43.103&apos;, os.name: &apos;Windows 10&apos;, os.arch: &apos;amd64&apos;, os.version: &apos;10.0&apos;, java.version: &apos;11.0.18&apos;&#10;Driver info: driver.version: RemoteWebDriver" type="org.openqa.selenium.remote.UnreachableBrowserException"><![CDATA[org.openqa.selenium.remote.UnreachableBrowserException: 
Could not start a new session. Possible causes are invalid address of the remote server or browser start-up failure.
Build info: version: '3.141.59', revision: 'e82be7d358', time: '2018-11-14T08:17:03'
System info: host: 'DESKTOP-HR87NGL', ip: '192.168.43.103', os.name: 'Windows 10', os.arch: 'amd64', os.version: '10.0', java.version: '11.0.18'
Driver info: driver.version: RemoteWebDriver
	at com.flipkartMainFramework.FlipKartTestCases.InitialiSetup(FlipKartTestCases.java:31)
Caused by: java.net.ConnectException: Failed to connect to /192.168.93.138:4444
	at com.flipkartMainFramework.FlipKartTestCases.InitialiSetup(FlipKartTestCases.java:31)
Caused by: java.net.ConnectException: Connection timed out: connect
	at com.flipkartMainFramework.FlipKartTestCases.InitialiSetup(FlipKartTestCases.java:31)
]]></failure>
    <system-out><![CDATA[[TestNGContentHandler] [WARN] It is strongly recommended to add "<!DOCTYPE suite SYSTEM "http://testng.org/testng-1.0.dtd" >" at the top of your file, otherwise TestNG may fail or not work as expected.
MicrosoftEdge Browser Initiated
Chrome Browser Initiated
]]></system-out>
    <system-err><![CDATA[Jun 12, 2023 1:02:35 PM org.openqa.selenium.remote.DesiredCapabilities chrome
INFO: Using `new ChromeOptions()` is preferred to `DesiredCapabilities.chrome()`
Jun 12, 2023 1:02:35 PM org.openqa.selenium.remote.DesiredCapabilities edge
INFO: Using `new EdgeOptions()` is preferred to `DesiredCapabilities.edge()`
]]></system-err>
  </testcase>
  <testcase name="InitialiSetup" classname="com.flipkartMainFramework.FlipKartTestCases" time="57.856">
    <failure message="Could not start a new session. Possible causes are invalid address of the remote server or browser start-up failure.&#10;Build info: version: &apos;3.141.59&apos;, revision: &apos;e82be7d358&apos;, time: &apos;2018-11-14T08:17:03&apos;&#10;System info: host: &apos;DESKTOP-HR87NGL&apos;, ip: &apos;192.168.43.103&apos;, os.name: &apos;Windows 10&apos;, os.arch: &apos;amd64&apos;, os.version: &apos;10.0&apos;, java.version: &apos;11.0.18&apos;&#10;Driver info: driver.version: RemoteWebDriver" type="org.openqa.selenium.remote.UnreachableBrowserException"><![CDATA[org.openqa.selenium.remote.UnreachableBrowserException: 
Could not start a new session. Possible causes are invalid address of the remote server or browser start-up failure.
Build info: version: '3.141.59', revision: 'e82be7d358', time: '2018-11-14T08:17:03'
System info: host: 'DESKTOP-HR87NGL', ip: '192.168.43.103', os.name: 'Windows 10', os.arch: 'amd64', os.version: '10.0', java.version: '11.0.18'
Driver info: driver.version: RemoteWebDriver
	at com.flipkartMainFramework.FlipKartTestCases.InitialiSetup(FlipKartTestCases.java:31)
Caused by: java.net.ConnectException: Failed to connect to /192.168.93.138:4444
	at com.flipkartMainFramework.FlipKartTestCases.InitialiSetup(FlipKartTestCases.java:31)
Caused by: java.net.ConnectException: Connection timed out: connect
	at com.flipkartMainFramework.FlipKartTestCases.InitialiSetup(FlipKartTestCases.java:31)
]]></failure>
  </testcase>
  <testcase name="caseScenario" classname="com.flipkartMainFramework.FlipKartTestCases" time="0">
    <skipped message="Could not start a new session. Possible causes are invalid address of the remote server or browser start-up failure.&#10;Build info: version: &apos;3.141.59&apos;, revision: &apos;e82be7d358&apos;, time: &apos;2018-11-14T08:17:03&apos;&#10;System info: host: &apos;DESKTOP-HR87NGL&apos;, ip: &apos;192.168.43.103&apos;, os.name: &apos;Windows 10&apos;, os.arch: &apos;amd64&apos;, os.version: &apos;10.0&apos;, java.version: &apos;11.0.18&apos;&#10;Driver info: driver.version: RemoteWebDriver"/>
  </testcase>
  <testcase name="caseScenario" classname="com.flipkartMainFramework.FlipKartTestCases" time="0">
    <skipped message="Could not start a new session. Possible causes are invalid address of the remote server or browser start-up failure.&#10;Build info: version: &apos;3.141.59&apos;, revision: &apos;e82be7d358&apos;, time: &apos;2018-11-14T08:17:03&apos;&#10;System info: host: &apos;DESKTOP-HR87NGL&apos;, ip: &apos;192.168.43.103&apos;, os.name: &apos;Windows 10&apos;, os.arch: &apos;amd64&apos;, os.version: &apos;10.0&apos;, java.version: &apos;11.0.18&apos;&#10;Driver info: driver.version: RemoteWebDriver"/>
  </testcase>
</testsuite>